blade.php
build.xml
riemann.config
cljs.hl
cmake.in
CMakeLists.txt
rebar.lock
rebar.config.lock
rebar.config
app.src
gradle.kts
haml.deface
html.hl
buildozer.spec
tfstate.backup
mcmod.info
composer.lock
contents.lr
nim.cfg
makefile.pl
php_cs.dist
pom.xml
build.bazel
gemfile.lock
rs.in
rst.txt
rest.txt
sproc.sql
spoc.sql
spc.sql
udf.sql
data.sql
xml.dist
web.release.config
web.debug.config
web.config
settings.stylecop
packages.config
nuget.config
dll.config
app.config
xml.builder
yml.mysql
glide.lock
python2.6
python2.7
python3.3
python3.4
python3.5
python3.6
python3.7
python3.8
build.xml
CMakeLists.txt
pom.xml
Dockerfile.build
Dockerfile.test
